[19:59:10.642 INFO ] [o.s.boot.StartupInfoLogger 50 logStarting] - Starting BusinessApplication on mbp with PID 60918 (started by jimze in /Users/jimzezhang/Dropbox (Sydney Uni Student)/2020S2_MIT/COMP 5703/web/CS39-4-My-NSW-Business-Map/BusinessMap)
[19:59:10.655 INFO ] [o.s.boot.SpringApplication 675 logStartupProfileInfo] - No active profile set, falling back to default profiles: default
[19:59:11.389 WARN ] [o.m.s.mapper.ClassPathMapperScanner 166 doScan] - No MyBatis mapper was found in '[com.business]' package. Please check your configuration.
[19:59:12.005 INFO ] [o.s.b.w.e.tomcat.TomcatWebServer 90 initialize] - Tomcat initialized with port(s): 8080 (http)
[19:59:12.040 INFO ] [org.apache.juli.logging.DirectJDKLog 173 log] - Initializing ProtocolHandler ["http-nio-8080"]
[19:59:12.053 INFO ] [org.apache.juli.logging.DirectJDKLog 173 log] - Starting service [Tomcat]
[19:59:12.053 INFO ] [org.apache.juli.logging.DirectJDKLog 173 log] - Starting Servlet engine: [Apache Tomcat/9.0.19]
[19:59:12.175 INFO ] [org.apache.juli.logging.DirectJDKLog 173 log] - Initializing Spring embedded WebApplicationContext
[19:59:12.176 INFO ] [o.s.b.w.s.c.ServletWebServerApplicationContext 296 prepareWebApplicationContext] - Root WebApplicationContext: initialization completed in 1449 ms
[19:59:12.391 INFO ] [o.s.s.c.ExecutorConfigurationSupport 171 initialize] - Initializing ExecutorService 'applicationTaskExecutor'
[19:59:12.579 INFO ] [o.s.b.a.w.s.WelcomePageHandlerMapping 61 <init>] - Adding welcome page template: index
[19:59:12.705 INFO ] [com.zaxxer.hikari.HikariDataSource 110 getConnection] - HikariPool-1 - Starting...
[19:59:13.899 WARN ] [o.s.c.s.AbstractApplicationContext 557 refresh] - Exception encountered during context initialization - cancelling refresh attempt: org.springframework.beans.factory.BeanCreationException: Error creating bean with name 'sqlSessionFactory' defined in class path resource [com/baomidou/mybatisplus/autoconfigure/MybatisPlusAutoConfiguration.class]: Bean instantiation via factory method failed; nested exception is org.springframework.beans.BeanInstantiationException: Failed to instantiate [org.apache.ibatis.session.SqlSessionFactory]: Factory method 'sqlSessionFactory' threw exception; nested exception is com.baomidou.mybatisplus.core.exceptions.MybatisPlusException: Error: GlobalConfigUtils setMetaData Fail !  Cause:com.mysql.
jdbc.exceptions.jdbc4.CommunicationsException: Communications link failure

The last packet sent successfully to the server was 0 milliseconds ago. The driver has not received any packets from the server.
[19:59:13.900 INFO ] [o.s.s.c.ExecutorConfigurationSupport 208 shutdown] - Shutting down ExecutorService 'applicationTaskExecutor'
[19:59:13.903 INFO ] [org.apache.juli.logging.DirectJDKLog 173 log] - Stopping service [Tomcat]
[19:59:13.915 INFO ] [o.s.b.a.l.ConditionEvaluationReportLoggingListener 142 logMessage] - 

Error starting ApplicationContext. To display the conditions report re-run your application with 'debug' enabled.
[20:13:16.675 INFO ] [o.s.boot.StartupInfoLogger 50 logStarting] - Starting BusinessApplication on mbp with PID 63763 (started by jimze in /Users/jimzezhang/Dropbox (Sydney Uni Student)/2020S2_MIT/COMP 5703/web/CS39-4-My-NSW-Business-Map/BusinessMap)
[20:13:16.680 INFO ] [o.s.boot.SpringApplication 675 logStartupProfileInfo] - No active profile set, falling back to default profiles: default
[20:13:17.650 WARN ] [o.m.s.mapper.ClassPathMapperScanner 166 doScan] - No MyBatis mapper was found in '[com.business]' package. Please check your configuration.
[20:13:18.245 INFO ] [o.s.b.w.e.tomcat.TomcatWebServer 90 initialize] - Tomcat initialized with port(s): 3306 (http)
[20:13:18.262 INFO ] [org.apache.juli.logging.DirectJDKLog 173 log] - Initializing ProtocolHandler ["http-nio-3306"]
[20:13:18.272 INFO ] [org.apache.juli.logging.DirectJDKLog 173 log] - Starting service [Tomcat]
[20:13:18.272 INFO ] [org.apache.juli.logging.DirectJDKLog 173 log] - Starting Servlet engine: [Apache Tomcat/9.0.19]
[20:13:18.384 INFO ] [org.apache.juli.logging.DirectJDKLog 173 log] - Initializing Spring embedded WebApplicationContext
[20:13:18.385 INFO ] [o.s.b.w.s.c.ServletWebServerApplicationContext 296 prepareWebApplicationContext] - Root WebApplicationContext: initialization completed in 1632 ms
[20:13:18.665 INFO ] [o.s.s.c.ExecutorConfigurationSupport 171 initialize] - Initializing ExecutorService 'applicationTaskExecutor'
[20:13:18.902 INFO ] [o.s.b.a.w.s.WelcomePageHandlerMapping 61 <init>] - Adding welcome page template: index
[20:13:19.043 INFO ] [com.zaxxer.hikari.HikariDataSource 110 getConnection] - HikariPool-1 - Starting...
[20:13:20.578 WARN ] [o.s.c.s.AbstractApplicationContext 557 refresh] - Exception encountered during context initialization - cancelling refresh attempt: org.springframework.beans.factory.BeanCreationException: Error creating bean with name 'sqlSessionFactory' defined in class path resource [com/baomidou/mybatisplus/autoconfigure/MybatisPlusAutoConfiguration.class]: Bean instantiation via factory method failed; nested exception is org.springframework.beans.BeanInstantiationException: Failed to instantiate [org.apache.ibatis.session.SqlSessionFactory]: Factory method 'sqlSessionFactory' threw exception; nested exception is com.baomidou.mybatisplus.core.exceptions.MybatisPlusException: Error: GlobalConfigUtils setMetaData Fail !  Cause:java.sql.SQLException: Access denied for user 'root'@'localhost' (using password: NO)
[20:13:20.579 INFO ] [o.s.s.c.ExecutorConfigurationSupport 208 shutdown] - Shutting down ExecutorService 'applicationTaskExecutor'
[20:13:20.581 INFO ] [org.apache.juli.logging.DirectJDKLog 173 log] - Stopping service [Tomcat]
[20:13:20.592 INFO ] [o.s.b.a.l.ConditionEvaluationReportLoggingListener 142 logMessage] - 

Error starting ApplicationContext. To display the conditions report re-run your application with 'debug' enabled.
[20:14:34.794 INFO ] [o.s.boot.StartupInfoLogger 50 logStarting] - Starting BusinessApplication on mbp with PID 63778 (started by jimze in /Users/jimzezhang/Dropbox (Sydney Uni Student)/2020S2_MIT/COMP 5703/web/CS39-4-My-NSW-Business-Map/BusinessMap)
[20:14:34.800 INFO ] [o.s.boot.SpringApplication 675 logStartupProfileInfo] - No active profile set, falling back to default profiles: default
[20:14:35.662 WARN ] [o.m.s.mapper.ClassPathMapperScanner 166 doScan] - No MyBatis mapper was found in '[com.business]' package. Please check your configuration.
[20:14:36.385 INFO ] [o.s.b.w.e.tomcat.TomcatWebServer 90 initialize] - Tomcat initialized with port(s): 3306 (http)
[20:14:36.403 INFO ] [org.apache.juli.logging.DirectJDKLog 173 log] - Initializing ProtocolHandler ["http-nio-3306"]
[20:14:36.414 INFO ] [org.apache.juli.logging.DirectJDKLog 173 log] - Starting service [Tomcat]
[20:14:36.414 INFO ] [org.apache.juli.logging.DirectJDKLog 173 log] - Starting Servlet engine: [Apache Tomcat/9.0.19]
[20:14:36.529 INFO ] [org.apache.juli.logging.DirectJDKLog 173 log] - Initializing Spring embedded WebApplicationContext
[20:14:36.530 INFO ] [o.s.b.w.s.c.ServletWebServerApplicationContext 296 prepareWebApplicationContext] - Root WebApplicationContext: initialization completed in 1640 ms
[20:14:36.788 INFO ] [o.s.s.c.ExecutorConfigurationSupport 171 initialize] - Initializing ExecutorService 'applicationTaskExecutor'
[20:14:36.972 INFO ] [o.s.b.a.w.s.WelcomePageHandlerMapping 61 <init>] - Adding welcome page template: index
[20:14:37.101 INFO ] [com.zaxxer.hikari.HikariDataSource 110 getConnection] - HikariPool-1 - Starting...
[20:14:38.591 WARN ] [o.s.c.s.AbstractApplicationContext 557 refresh] - Exception encountered during context initialization - cancelling refresh attempt: org.springframework.beans.factory.BeanCreationException: Error creating bean with name 'sqlSessionFactory' defined in class path resource [com/baomidou/mybatisplus/autoconfigure/MybatisPlusAutoConfiguration.class]: Bean instantiation via factory method failed; nested exception is org.springframework.beans.BeanInstantiationException: Failed to instantiate [org.apache.ibatis.session.SqlSessionFactory]: Factory method 'sqlSessionFactory' threw exception; nested exception is com.baomidou.mybatisplus.core.exceptions.MybatisPlusException: Error: GlobalConfigUtils setMetaData Fail !  Cause:com.mysql.jdbc.exceptions.jdbc4.MySQLSyntaxErrorException: Unknown database 'dcsys_project'
[20:14:38.591 INFO ] [o.s.s.c.ExecutorConfigurationSupport 208 shutdown] - Shutting down ExecutorService 'applicationTaskExecutor'
[20:14:38.595 INFO ] [org.apache.juli.logging.DirectJDKLog 173 log] - Stopping service [Tomcat]
[20:14:38.606 INFO ] [o.s.b.a.l.ConditionEvaluationReportLoggingListener 142 logMessage] - 

Error starting ApplicationContext. To display the conditions report re-run your application with 'debug' enabled.
[20:16:10.559 INFO ] [o.s.boot.StartupInfoLogger 50 logStarting] - Starting BusinessApplication on mbp with PID 63795 (started by jimze in /Users/jimzezhang/Dropbox (Sydney Uni Student)/2020S2_MIT/COMP 5703/web/CS39-4-My-NSW-Business-Map/BusinessMap)
[20:16:10.561 INFO ] [o.s.boot.SpringApplication 675 logStartupProfileInfo] - No active profile set, falling back to default profiles: default
[20:16:11.368 WARN ] [o.m.s.mapper.ClassPathMapperScanner 166 doScan] - No MyBatis mapper was found in '[com.business]' package. Please check your configuration.
[20:16:12.010 INFO ] [o.s.b.w.e.tomcat.TomcatWebServer 90 initialize] - Tomcat initialized with port(s): 8080 (http)
[20:16:12.034 INFO ] [org.apache.juli.logging.DirectJDKLog 173 log] - Initializing ProtocolHandler ["http-nio-8080"]
[20:16:12.052 INFO ] [org.apache.juli.logging.DirectJDKLog 173 log] - Starting service [Tomcat]
[20:16:12.053 INFO ] [org.apache.juli.logging.DirectJDKLog 173 log] - Starting Servlet engine: [Apache Tomcat/9.0.19]
[20:16:12.183 INFO ] [org.apache.juli.logging.DirectJDKLog 173 log] - Initializing Spring embedded WebApplicationContext
[20:16:12.183 INFO ] [o.s.b.w.s.c.ServletWebServerApplicationContext 296 prepareWebApplicationContext] - Root WebApplicationContext: initialization completed in 1560 ms
[20:16:12.452 INFO ] [o.s.s.c.ExecutorConfigurationSupport 171 initialize] - Initializing ExecutorService 'applicationTaskExecutor'
[20:16:12.629 INFO ] [o.s.b.a.w.s.WelcomePageHandlerMapping 61 <init>] - Adding welcome page template: index
[20:16:12.727 INFO ] [com.zaxxer.hikari.HikariDataSource 110 getConnection] - HikariPool-1 - Starting...
[20:16:13.165 INFO ] [com.zaxxer.hikari.HikariDataSource 123 getConnection] - HikariPool-1 - Start completed.
[20:16:13.406 INFO ] [org.apache.juli.logging.DirectJDKLog 173 log] - Starting ProtocolHandler ["http-nio-8080"]
[20:16:13.444 INFO ] [o.s.b.w.e.tomcat.TomcatWebServer 204 start] - Tomcat started on port(s): 8080 (http) with context path ''
[20:16:13.449 INFO ] [o.s.boot.StartupInfoLogger 59 logStarted] - Started BusinessApplication in 3.351 seconds (JVM running for 4.001)
[20:16:33.202 INFO ] [org.apache.juli.logging.DirectJDKLog 173 log] - Initializing Spring DispatcherServlet 'dispatcherServlet'
[20:16:33.202 INFO ] [o.s.web.servlet.FrameworkServlet 524 initServletBean] - Initializing Servlet 'dispatcherServlet'
[20:16:33.212 INFO ] [o.s.web.servlet.FrameworkServlet 546 initServletBean] - Completed initialization in 9 ms
[20:40:14.732 INFO ] [com.zaxxer.hikari.HikariDataSource 350 close] - HikariPool-1 - Shutdown initiated...
[20:40:14.739 INFO ] [com.zaxxer.hikari.HikariDataSource 352 close] - HikariPool-1 - Shutdown completed.
[20:40:14.739 INFO ] [o.s.s.c.ExecutorConfigurationSupport 208 shutdown] - Shutting down ExecutorService 'applicationTaskExecutor'
[20:40:19.757 INFO ] [o.s.boot.StartupInfoLogger 50 logStarting] - Starting BusinessApplication on mbp with PID 63997 (started by jimze in /Users/jimzezhang/Dropbox (Sydney Uni Student)/2020S2_MIT/COMP 5703/web/CS39-4-My-NSW-Business-Map/BusinessMap)
[20:40:19.760 INFO ] [o.s.boot.SpringApplication 675 logStartupProfileInfo] - No active profile set, falling back to default profiles: default
[20:40:20.490 WARN ] [o.m.s.mapper.ClassPathMapperScanner 166 doScan] - No MyBatis mapper was found in '[com.business]' package. Please check your configuration.
[20:40:21.035 INFO ] [o.s.b.w.e.tomcat.TomcatWebServer 90 initialize] - Tomcat initialized with port(s): 8080 (http)
[20:40:21.051 INFO ] [org.apache.juli.logging.DirectJDKLog 173 log] - Initializing ProtocolHandler ["http-nio-8080"]
[20:40:21.063 INFO ] [org.apache.juli.logging.DirectJDKLog 173 log] - Starting service [Tomcat]
[20:40:21.064 INFO ] [org.apache.juli.logging.DirectJDKLog 173 log] - Starting Servlet engine: [Apache Tomcat/9.0.19]
[20:40:21.180 INFO ] [org.apache.juli.logging.DirectJDKLog 173 log] - Initializing Spring embedded WebApplicationContext
[20:40:21.180 INFO ] [o.s.b.w.s.c.ServletWebServerApplicationContext 296 prepareWebApplicationContext] - Root WebApplicationContext: initialization completed in 1373 ms
[20:40:21.455 INFO ] [o.s.s.c.ExecutorConfigurationSupport 171 initialize] - Initializing ExecutorService 'applicationTaskExecutor'
[20:40:21.623 INFO ] [o.s.b.a.w.s.WelcomePageHandlerMapping 61 <init>] - Adding welcome page template: index
[20:40:21.737 INFO ] [com.zaxxer.hikari.HikariDataSource 110 getConnection] - HikariPool-1 - Starting...
[20:40:22.265 INFO ] [com.zaxxer.hikari.HikariDataSource 123 getConnection] - HikariPool-1 - Start completed.
[20:40:22.495 INFO ] [org.apache.juli.logging.DirectJDKLog 173 log] - Starting ProtocolHandler ["http-nio-8080"]
[20:40:22.532 INFO ] [o.s.b.w.e.tomcat.TomcatWebServer 204 start] - Tomcat started on port(s): 8080 (http) with context path ''
[20:40:22.537 INFO ] [o.s.boot.StartupInfoLogger 59 logStarted] - Started BusinessApplication in 3.088 seconds (JVM running for 3.746)
[20:40:44.905 INFO ] [org.apache.juli.logging.DirectJDKLog 173 log] - Initializing Spring DispatcherServlet 'dispatcherServlet'
[20:40:44.907 INFO ] [o.s.web.servlet.FrameworkServlet 524 initServletBean] - Initializing Servlet 'dispatcherServlet'
[20:40:44.915 INFO ] [o.s.web.servlet.FrameworkServlet 546 initServletBean] - Completed initialization in 7 ms
[22:57:31.102 INFO ] [com.zaxxer.hikari.HikariDataSource 350 close] - HikariPool-1 - Shutdown initiated...
[22:57:31.117 INFO ] [com.zaxxer.hikari.HikariDataSource 352 close] - HikariPool-1 - Shutdown completed.
[22:57:31.118 INFO ] [o.s.s.c.ExecutorConfigurationSupport 208 shutdown] - Shutting down ExecutorService 'applicationTaskExecutor'
